  TitleScene.cpp
c:\users\idek0\desktop\github用食パンproject\project\geometry.h(157): warning C4244: '引数': 'float' から 'int' への変換です。データが失われる可能性があります。
c:\users\idek0\desktop\github用食パンproject\project\geometry.h(188): warning C4244: '引数': 'float' から 'int' への変換です。データが失われる可能性があります。
  SensorDoor.cpp
c:\users\idek0\desktop\github用食パンproject\project\geometry.h(157): warning C4244: '引数': 'float' から 'int' への変換です。データが失われる可能性があります。
c:\users\idek0\desktop\github用食パンproject\project\geometry.h(188): warning C4244: '引数': 'float' から 'int' への変換です。データが失われる可能性があります。
c:\users\idek0\desktop\github用食パンproject\project\sensordoor.cpp(110): warning C4244: '引数': 'float' から 'int' への変換です。データが失われる可能性があります。
c:\users\idek0\desktop\github用食パンproject\project\sensordoor.cpp(112): warning C4244: '引数': 'float' から 'int' への変換です。データが失われる可能性があります。
c:\users\idek0\desktop\github用食パンproject\project\sensordoor.cpp(114): warning C4244: '引数': 'float' から 'int' への変換です。データが失われる可能性があります。
  SelectScene.cpp
c:\users\idek0\desktop\github用食パンproject\project\geometry.h(157): warning C4244: '引数': 'float' から 'int' への変換です。データが失われる可能性があります。
c:\users\idek0\desktop\github用食パンproject\project\geometry.h(188): warning C4244: '引数': 'float' から 'int' への変換です。データが失われる可能性があります。
  Scene.cpp
c:\users\idek0\desktop\github用食パンproject\project\geometry.h(157): warning C4244: '引数': 'float' から 'int' への変換です。データが失われる可能性があります。
c:\users\idek0\desktop\github用食パンproject\project\geometry.h(188): warning C4244: '引数': 'float' から 'int' への変換です。データが失われる可能性があります。
  Rope.cpp
c:\users\idek0\desktop\github用食パンproject\project\geometry.h(157): warning C4244: '引数': 'float' から 'int' への変換です。データが失われる可能性があります。
c:\users\idek0\desktop\github用食パンproject\project\geometry.h(188): warning C4244: '引数': 'float' から 'int' への変換です。データが失われる可能性があります。
c:\users\idek0\desktop\github用食パンproject\project\rope.cpp(118): warning C4244: '引数': 'float' から 'int' への変換です。データが失われる可能性があります。
  ResultScene.cpp
c:\users\idek0\desktop\github用食パンproject\project\geometry.h(157): warning C4244: '引数': 'float' から 'int' への変換です。データが失われる可能性があります。
c:\users\idek0\desktop\github用食パンproject\project\geometry.h(188): warning C4244: '引数': 'float' から 'int' への変換です。データが失われる可能性があります。
  Player.cpp
c:\users\idek0\desktop\github用食パンproject\project\geometry.h(157): warning C4244: '引数': 'float' から 'int' への変換です。データが失われる可能性があります。
c:\users\idek0\desktop\github用食パンproject\project\geometry.h(188): warning C4244: '引数': 'float' から 'int' への変換です。データが失われる可能性があります。
c:\users\idek0\desktop\github用食パンproject\project\player.cpp(64): warning C4244: '引数': 'float' から 'int' への変換です。データが失われる可能性があります。
c:\users\idek0\desktop\github用食パンproject\project\player.cpp(69): warning C4244: '引数': 'float' から 'int' への変換です。データが失われる可能性があります。
c:\users\idek0\desktop\github用食パンproject\project\player.cpp(73): warning C4244: '引数': 'float' から 'int' への変換です。データが失われる可能性があります。
c:\users\idek0\desktop\github用食パンproject\project\player.cpp(77): warning C4244: '引数': 'float' から 'int' への変換です。データが失われる可能性があります。
c:\users\idek0\desktop\github用食パンproject\project\player.cpp(81): warning C4244: '引数': 'float' から 'int' への変換です。データが失われる可能性があります。
c:\users\idek0\desktop\github用食パンproject\project\player.cpp(82): warning C4244: '引数': 'float' から 'int' への変換です。データが失われる可能性があります。
c:\users\idek0\desktop\github用食パンproject\project\player.cpp(122): warning C4244: '初期化中': 'int' から 'float' への変換です。データが失われる可能性があります。
  Object.cpp
c:\users\idek0\desktop\github用食パンproject\project\geometry.h(157): warning C4244: '引数': 'float' から 'int' への変換です。データが失われる可能性があります。
c:\users\idek0\desktop\github用食パンproject\project\geometry.h(188): warning C4244: '引数': 'float' から 'int' への変換です。データが失われる可能性があります。
  Math.cpp
c:\users\idek0\desktop\github用食パンproject\project\geometry.h(157): warning C4244: '引数': 'float' から 'int' への変換です。データが失われる可能性があります。
c:\users\idek0\desktop\github用食パンproject\project\geometry.h(188): warning C4244: '引数': 'float' から 'int' への変換です。データが失われる可能性があります。
  MapCtl.cpp
c:\users\idek0\desktop\github用食パンproject\project\geometry.h(157): warning C4244: '引数': 'float' から 'int' への変換です。データが失われる可能性があります。
c:\users\idek0\desktop\github用食パンproject\project\geometry.h(188): warning C4244: '引数': 'float' から 'int' への変換です。データが失われる可能性があります。
c:\users\idek0\desktop\github用食パンproject\project\mapctl.cpp(101): warning C4018: '<': signed と unsigned の数値を比較しようとしました。
c:\users\idek0\desktop\github用食パンproject\project\mapctl.cpp(103): warning C4018: '<': signed と unsigned の数値を比較しようとしました。
c:\users\idek0\desktop\github用食パンproject\project\mapctl.cpp(186): warning C4244: '引数': 'float' から 'int' への変換です。データが失われる可能性があります。
c:\users\idek0\desktop\github用食パンproject\project\mapctl.cpp(209): warning C4018: '<': signed と unsigned の数値を比較しようとしました。
c:\users\idek0\desktop\github用食パンproject\project\mapctl.cpp(211): warning C4018: '<': signed と unsigned の数値を比較しようとしました。
c:\users\idek0\desktop\github用食パンproject\project\mapctl.cpp(214): warning C4244: '=': 'int' から 'float' への変換です。データが失われる可能性があります。
c:\users\idek0\desktop\github用食パンproject\project\mapctl.cpp(215): warning C4244: '=': 'int' から 'float' への変換です。データが失われる可能性があります。
  main.cpp
c:\users\idek0\desktop\github用食パンproject\project\geometry.h(157): warning C4244: '引数': 'float' から 'int' への変換です。データが失われる可能性があります。
c:\users\idek0\desktop\github用食パンproject\project\geometry.h(188): warning C4244: '引数': 'float' から 'int' への変換です。データが失われる可能性があります。
  Input.cpp
c:\users\idek0\desktop\github用食パンproject\project\geometry.h(157): warning C4244: '引数': 'float' から 'int' への変換です。データが失われる可能性があります。
c:\users\idek0\desktop\github用食パンproject\project\geometry.h(188): warning C4244: '引数': 'float' から 'int' への変換です。データが失われる可能性があります。
  ImageMgr.cpp
c:\users\idek0\desktop\github用食パンproject\project\geometry.h(157): warning C4244: '引数': 'float' から 'int' への変換です。データが失われる可能性があります。
c:\users\idek0\desktop\github用食パンproject\project\geometry.h(188): warning C4244: '引数': 'float' から 'int' への変換です。データが失われる可能性があります。
  HitClass.cpp
c:\users\idek0\desktop\github用食パンproject\project\geometry.h(157): warning C4244: '引数': 'float' から 'int' への変換です。データが失われる可能性があります。
c:\users\idek0\desktop\github用食パンproject\project\geometry.h(188): warning C4244: '引数': 'float' から 'int' への変換です。データが失われる可能性があります。
c:\users\idek0\desktop\github用食パンproject\project\hitclass.cpp(182): warning C4244: '引数': 'double' から 'float' への変換です。データが失われる可能性があります。
  GimPull.cpp
c:\users\idek0\desktop\github用食パンproject\project\geometry.h(157): warning C4244: '引数': 'float' から 'int' への変換です。データが失われる可能性があります。
c:\users\idek0\desktop\github用食パンproject\project\geometry.h(188): warning C4244: '引数': 'float' から 'int' への変換です。データが失われる可能性があります。
c:\users\idek0\desktop\github用食パンproject\project\gimpull.cpp(76): error C2059: 構文エラー: '<<'
c:\users\idek0\desktop\github用食パンproject\project\gimpull.cpp(96): error C2059: 構文エラー: '=='
c:\users\idek0\desktop\github用食パンproject\project\gimpull.cpp(125): error C2059: 構文エラー: '>>'
c:\users\idek0\desktop\github用食パンproject\project\gimpull.cpp(140): error C2601: 'GimPull::Draw': ローカル関数の定義が正しくありません。
  c:\users\idek0\desktop\github用食パンproject\project\gimpull.cpp(90): note: この行に含まれる '{' に対応するものがありません
c:\users\idek0\desktop\github用食パンproject\project\gimpull.cpp(166): error C2601: 'GimPull::GetRect': ローカル関数の定義が正しくありません。
  c:\users\idek0\desktop\github用食パンproject\project\gimpull.cpp(90): note: この行に含まれる '{' に対応するものがありません
c:\users\idek0\desktop\github用食パンproject\project\gimpull.cpp(171): error C2601: 'GimPull::GetType': ローカル関数の定義が正しくありません。
  c:\users\idek0\desktop\github用食パンproject\project\gimpull.cpp(90): note: この行に含まれる '{' に対応するものがありません
c:\users\idek0\desktop\github用食パンproject\project\gimpull.cpp(90): fatal error C1075: 左側の 中かっこ '{' に対応するものがファイルの最後まで検出されませんでした。
  GimmickFactory.cpp
c:\users\idek0\desktop\github用食パンproject\project\geometry.h(157): warning C4244: '引数': 'float' から 'int' への変換です。データが失われる可能性があります。
c:\users\idek0\desktop\github用食パンproject\project\geometry.h(188): warning C4244: '引数': 'float' から 'int' への変換です。データが失われる可能性があります。
  Gimmick.cpp
c:\users\idek0\desktop\github用食パンproject\project\geometry.h(157): warning C4244: '引数': 'float' から 'int' への変換です。データが失われる可能性があります。
c:\users\idek0\desktop\github用食パンproject\project\geometry.h(188): warning C4244: '引数': 'float' から 'int' への変換です。データが失われる可能性があります。
  GimDrop.cpp
c:\users\idek0\desktop\github用食パンproject\project\geometry.h(157): warning C4244: '引数': 'float' から 'int' への変換です。データが失われる可能性があります。
c:\users\idek0\desktop\github用食パンproject\project\geometry.h(188): warning C4244: '引数': 'float' から 'int' への変換です。データが失われる可能性があります。
c:\users\idek0\desktop\github用食パンproject\project\gimdrop.cpp(16): warning C4305: '=': 'double' から 'float' へ切り詰めます。
c:\users\idek0\desktop\github用食パンproject\project\gimdrop.cpp(265): warning C4244: '引数': 'float' から 'int' への変換です。データが失われる可能性があります。
c:\users\idek0\desktop\github用食パンproject\project\gimdrop.cpp(271): warning C4244: '引数': 'float' から 'int' への変換です。データが失われる可能性があります。
c:\users\idek0\desktop\github用食パンproject\project\gimdrop.cpp(273): warning C4244: '引数': 'float' から 'int' への変換です。データが失われる可能性があります。
c:\users\idek0\desktop\github用食パンproject\project\gimdrop.cpp(276): warning C4244: '引数': 'float' から 'int' への変換です。データが失われる可能性があります。
  GimButton.cpp
c:\users\idek0\desktop\github用食パンproject\project\geometry.h(157): warning C4244: '引数': 'float' から 'int' への変換です。データが失われる可能性があります。
c:\users\idek0\desktop\github用食パンproject\project\geometry.h(188): warning C4244: '引数': 'float' から 'int' への変換です。データが失われる可能性があります。
c:\users\idek0\desktop\github用食パンproject\project\gimbutton.cpp(74): warning C4244: '引数': 'float' から 'int' への変換です。データが失われる可能性があります。
c:\users\idek0\desktop\github用食パンproject\project\gimbutton.cpp(88): warning C4244: '引数': 'float' から 'int' への変換です。データが失われる可能性があります。
c:\users\idek0\desktop\github用食パンproject\project\gimbutton.cpp(97): warning C4244: '引数': 'float' から 'int' への変換です。データが失われる可能性があります。
c:\users\idek0\desktop\github用食パンproject\project\gimbutton.cpp(101): warning C4244: '引数': 'float' から 'int' への変換です。データが失われる可能性があります。
c:\users\idek0\desktop\github用食パンproject\project\gimbutton.cpp(103): warning C4244: '引数': 'float' から 'int' への変換です。データが失われる可能性があります。
  GameScene.cpp
c:\users\idek0\desktop\github用食パンproject\project\geometry.h(157): warning C4244: '引数': 'float' から 'int' への変換です。データが失われる可能性があります。
c:\users\idek0\desktop\github用食パンproject\project\geometry.h(188): warning C4244: '引数': 'float' から 'int' への変換です。データが失われる可能性があります。
c:\users\idek0\desktop\github用食パンproject\project\gamescene.cpp(47): error C2059: 構文エラー: '<<'
c:\users\idek0\desktop\github用食パンproject\project\gamescene.cpp(49): error C2059: 構文エラー: '=='
c:\users\idek0\desktop\github用食パンproject\project\gamescene.cpp(55): error C2065: 'gimData': 定義されていない識別子です。
c:\users\idek0\desktop\github用食パンproject\project\gamescene.cpp(55): error C3312: no callable 'begin' function found for type 'unknown-type'
c:\users\idek0\desktop\github用食パンproject\project\gamescene.cpp(55): error C3312: no callable 'end' function found for type 'unknown-type'
c:\users\idek0\desktop\github用食パンproject\project\gamescene.cpp(56): error C2228: '.chipType' の左側はクラス、構造体、共用体でなければなりません
c:\users\idek0\desktop\github用食パンproject\project\gamescene.cpp(57): error C2228: '.chipType' の左側はクラス、構造体、共用体でなければなりません
c:\users\idek0\desktop\github用食パンproject\project\gamescene.cpp(57): error C2228: '.posX' の左側はクラス、構造体、共用体でなければなりません
c:\users\idek0\desktop\github用食パンproject\project\gamescene.cpp(57): error C2228: '.posY' の左側はクラス、構造体、共用体でなければなりません
  コードを生成中...
  コンパイル中...
  GameOverScene.cpp
c:\users\idek0\desktop\github用食パンproject\project\geometry.h(157): warning C4244: '引数': 'float' から 'int' への変換です。データが失われる可能性があります。
c:\users\idek0\desktop\github用食パンproject\project\geometry.h(188): warning C4244: '引数': 'float' から 'int' への変換です。データが失われる可能性があります。
  GameMain.cpp
c:\users\idek0\desktop\github用食パンproject\project\geometry.h(157): warning C4244: '引数': 'float' から 'int' への変換です。データが失われる可能性があります。
c:\users\idek0\desktop\github用食パンproject\project\geometry.h(188): warning C4244: '引数': 'float' から 'int' への変換です。データが失われる可能性があります。
  EnemyServer.cpp
c:\users\idek0\desktop\github用食パンproject\project\geometry.h(157): warning C4244: '引数': 'float' から 'int' への変換です。データが失われる可能性があります。
c:\users\idek0\desktop\github用食パンproject\project\geometry.h(188): warning C4244: '引数': 'float' から 'int' への変換です。データが失われる可能性があります。
  EnemyFactory.cpp
c:\users\idek0\desktop\github用食パンproject\project\geometry.h(157): warning C4244: '引数': 'float' から 'int' への変換です。データが失われる可能性があります。
c:\users\idek0\desktop\github用食パンproject\project\geometry.h(188): warning C4244: '引数': 'float' から 'int' への変換です。データが失われる可能性があります。
  EmLookback.cpp
c:\users\idek0\desktop\github用食パンproject\project\geometry.h(157): warning C4244: '引数': 'float' から 'int' への変換です。データが失われる可能性があります。
c:\users\idek0\desktop\github用食パンproject\project\geometry.h(188): warning C4244: '引数': 'float' から 'int' への変換です。データが失われる可能性があります。
c:\users\idek0\desktop\github用食パンproject\project\emlookback.cpp(81): warning C4244: '引数': 'float' から 'int' への変換です。データが失われる可能性があります。
c:\users\idek0\desktop\github用食パンproject\project\emlookback.cpp(84): warning C4244: '引数': 'float' から 'int' への変換です。データが失われる可能性があります。
c:\users\idek0\desktop\github用食パンproject\project\emlookback.cpp(91): warning C4244: '引数': 'float' から 'int' への変換です。データが失われる可能性があります。
  Enemy.cpp
c:\users\idek0\desktop\github用食パンproject\project\geometry.h(157): warning C4244: '引数': 'float' から 'int' への変換です。データが失われる可能性があります。
c:\users\idek0\desktop\github用食パンproject\project\geometry.h(188): warning C4244: '引数': 'float' から 'int' への変換です。データが失われる可能性があります。
  EmAround.cpp
c:\users\idek0\desktop\github用食パンproject\project\geometry.h(157): warning C4244: '引数': 'float' から 'int' への変換です。データが失われる可能性があります。
c:\users\idek0\desktop\github用食パンproject\project\geometry.h(188): warning C4244: '引数': 'float' から 'int' への変換です。データが失われる可能性があります。
c:\users\idek0\desktop\github用食パンproject\project\emaround.cpp(309): warning C4244: '引数': 'float' から 'int' への変換です。データが失われる可能性があります。
c:\users\idek0\desktop\github用食パンproject\project\emaround.cpp(312): warning C4244: '引数': 'float' から 'int' への変換です。データが失われる可能性があります。
  ClearScene.cpp
c:\users\idek0\desktop\github用食パンproject\project\geometry.h(157): warning C4244: '引数': 'float' から 'int' への変換です。データが失われる可能性があります。
c:\users\idek0\desktop\github用食パンproject\project\geometry.h(188): warning C4244: '引数': 'float' から 'int' への変換です。データが失われる可能性があります。
  Camera.cpp
c:\users\idek0\desktop\github用食パンproject\project\geometry.h(157): warning C4244: '引数': 'float' から 'int' への変換です。データが失われる可能性があります。
c:\users\idek0\desktop\github用食パンproject\project\geometry.h(188): warning C4244: '引数': 'float' から 'int' への変換です。データが失われる可能性があります。
c:\users\idek0\desktop\github用食パンproject\project\camera.cpp(51): warning C4800: 'Player *': ブール値を 'true' または 'false' に強制的に設定します (警告の処理)
c:\users\idek0\desktop\github用食パンproject\project\camera.cpp(57): warning C4800: 'MapCtl *': ブール値を 'true' または 'false' に強制的に設定します (警告の処理)
  Assert.cpp
c:\users\idek0\desktop\github用食パンproject\project\assert.cpp(27): warning C4551: 関数呼び出しに引数リストがありません。
  コードを生成中...
