  SelectScene.cpp
d:\file\project\geometry.h(157): warning C4244: '引数': 'float' から 'int' への変換です。データが失われる可能性があります。
d:\file\project\geometry.h(188): warning C4244: '引数': 'float' から 'int' への変換です。データが失われる可能性があります。
  ResultScene.cpp
d:\file\project\geometry.h(157): warning C4244: '引数': 'float' から 'int' への変換です。データが失われる可能性があります。
d:\file\project\geometry.h(188): warning C4244: '引数': 'float' から 'int' への変換です。データが失われる可能性があります。
  Player.cpp
d:\file\project\geometry.h(157): warning C4244: '引数': 'float' から 'int' への変換です。データが失われる可能性があります。
d:\file\project\geometry.h(188): warning C4244: '引数': 'float' から 'int' への変換です。データが失われる可能性があります。
d:\file\project\player.cpp(69): warning C4244: '引数': 'float' から 'int' への変換です。データが失われる可能性があります。
d:\file\project\player.cpp(74): warning C4244: '引数': 'float' から 'int' への変換です。データが失われる可能性があります。
d:\file\project\player.cpp(78): warning C4244: '引数': 'float' から 'int' への変換です。データが失われる可能性があります。
d:\file\project\player.cpp(82): warning C4244: '引数': 'float' から 'int' への変換です。データが失われる可能性があります。
d:\file\project\player.cpp(86): warning C4244: '引数': 'float' から 'int' への変換です。データが失われる可能性があります。
d:\file\project\player.cpp(87): warning C4244: '引数': 'float' から 'int' への変換です。データが失われる可能性があります。
d:\file\project\player.cpp(127): warning C4244: '初期化中': 'int' から 'float' への変換です。データが失われる可能性があります。
  GameScene.cpp
d:\file\project\geometry.h(157): warning C4244: '引数': 'float' から 'int' への変換です。データが失われる可能性があります。
d:\file\project\geometry.h(188): warning C4244: '引数': 'float' から 'int' への変換です。データが失われる可能性があります。
  GameOverScene.cpp
d:\file\project\geometry.h(157): warning C4244: '引数': 'float' から 'int' への変換です。データが失われる可能性があります。
d:\file\project\geometry.h(188): warning C4244: '引数': 'float' から 'int' への変換です。データが失われる可能性があります。
  GameMain.cpp
d:\file\project\geometry.h(157): warning C4244: '引数': 'float' から 'int' への変換です。データが失われる可能性があります。
d:\file\project\geometry.h(188): warning C4244: '引数': 'float' から 'int' への変換です。データが失われる可能性があります。
  EnemyFactory.cpp
d:\file\project\geometry.h(157): warning C4244: '引数': 'float' から 'int' への変換です。データが失われる可能性があります。
d:\file\project\geometry.h(188): warning C4244: '引数': 'float' から 'int' への変換です。データが失われる可能性があります。
  ClearScene.cpp
d:\file\project\geometry.h(157): warning C4244: '引数': 'float' から 'int' への変換です。データが失われる可能性があります。
d:\file\project\geometry.h(188): warning C4244: '引数': 'float' から 'int' への変換です。データが失われる可能性があります。
  コードを生成中...
  projects.vcxproj -> D:\file\project\x64\Debug\projects.exe
  projects.vcxproj -> D:\file\project\x64\Debug\projects.pdb (Partial PDB)
