  Enemy.cpp
d:\prj_data\project\Geometry.h(112): warning C4244: '引数': 'float' から 'int' への変換です。データが失われる可能性があります。
  GameMain.cpp
d:\prj_data\project\Geometry.h(112): warning C4244: '引数': 'float' から 'int' への変換です。データが失われる可能性があります。
  GameScene.cpp
d:\prj_data\project\Geometry.h(112): warning C4244: '引数': 'float' から 'int' への変換です。データが失われる可能性があります。
  GimButton.cpp
d:\prj_data\project\Geometry.h(112): warning C4244: '引数': 'float' から 'int' への変換です。データが失われる可能性があります。
GimButton.cpp(88): warning C4244: '引数': 'float' から 'int' への変換です。データが失われる可能性があります。
GimButton.cpp(97): warning C4244: '引数': 'float' から 'int' への変換です。データが失われる可能性があります。
  GimDrop.cpp
d:\prj_data\project\Geometry.h(112): warning C4244: '引数': 'float' から 'int' への変換です。データが失われる可能性があります。
GimDrop.cpp(15): warning C4305: '=': 'double' から 'float' へ切り詰めます。
GimDrop.cpp(112): warning C4244: '引数': 'float' から 'int' への変換です。データが失われる可能性があります。
GimDrop.cpp(113): warning C4244: '引数': 'float' から 'int' への変換です。データが失われる可能性があります。
GimDrop.cpp(119): warning C4244: '引数': 'float' から 'int' への変換です。データが失われる可能性があります。
GimDrop.cpp(121): warning C4244: '引数': 'float' から 'int' への変換です。データが失われる可能性があります。
GimDrop.cpp(124): warning C4244: '引数': 'float' から 'int' への変換です。データが失われる可能性があります。
  GimPull.cpp
d:\prj_data\project\Geometry.h(112): warning C4244: '引数': 'float' から 'int' への変換です。データが失われる可能性があります。
GimPull.cpp(81): warning C4244: '引数': 'float' から 'int' への変換です。データが失われる可能性があります。
GimPull.cpp(84): warning C4244: '引数': 'float' から 'int' への変換です。データが失われる可能性があります。
  Gimmick.cpp
d:\prj_data\project\Geometry.h(112): warning C4244: '引数': 'float' から 'int' への変換です。データが失われる可能性があります。
  GimmickFactory.cpp
d:\prj_data\project\Geometry.h(112): warning C4244: '引数': 'float' から 'int' への変換です。データが失われる可能性があります。
  HitClass.cpp
d:\prj_data\project\Geometry.h(112): warning C4244: '引数': 'float' から 'int' への変換です。データが失われる可能性があります。
  MapCtl.cpp
d:\prj_data\project\Geometry.h(112): warning C4244: '引数': 'float' から 'int' への変換です。データが失われる可能性があります。
MapCtl.cpp(85): warning C4018: '<': signed と unsigned の数値を比較しようとしました。
MapCtl.cpp(87): warning C4018: '<': signed と unsigned の数値を比較しようとしました。
MapCtl.cpp(194): warning C4018: '<': signed と unsigned の数値を比較しようとしました。
MapCtl.cpp(196): warning C4018: '<': signed と unsigned の数値を比較しようとしました。
MapCtl.cpp(199): warning C4244: '=': 'int' から 'float' への変換です。データが失われる可能性があります。
MapCtl.cpp(200): warning C4244: '=': 'int' から 'float' への変換です。データが失われる可能性があります。
  Object.cpp
d:\prj_data\project\Geometry.h(112): warning C4244: '引数': 'float' から 'int' への変換です。データが失われる可能性があります。
  Player.cpp
d:\prj_data\project\Geometry.h(112): warning C4244: '引数': 'float' から 'int' への変換です。データが失われる可能性があります。
  Rope.cpp
d:\prj_data\project\Geometry.h(112): warning C4244: '引数': 'float' から 'int' への変換です。データが失われる可能性があります。
  SensorDoor.cpp
d:\prj_data\project\Geometry.h(112): warning C4244: '引数': 'float' から 'int' への変換です。データが失われる可能性があります。
SensorDoor.cpp(103): warning C4244: '引数': 'float' から 'int' への変換です。データが失われる可能性があります。
SensorDoor.cpp(105): warning C4244: '引数': 'float' から 'int' への変換です。データが失われる可能性があります。
SensorDoor.cpp(107): warning C4244: '引数': 'float' から 'int' への変換です。データが失われる可能性があります。
  main.cpp
d:\prj_data\project\Geometry.h(112): warning C4244: '引数': 'float' から 'int' への変換です。データが失われる可能性があります。
  コード生成しています。
  136 of 774 functions (17.6%) were compiled, the rest were copied from previous compilation.
    1 functions were new in current compilation
    12 functions had inline decision re-evaluated but remain unchanged
  コード生成が終了しました。
  projects.vcxproj -> D:\prj_data\project\Release\projects.exe
  projects.vcxproj -> D:\prj_data\project\Release\projects.pdb (Full PDB)
